Started GET "/" for 127.0.0.1 at 2017-10-21 17:49:30 +0300
Processing by Rails::WelcomeController#index as HTML
  Rendering /home/yan/.rvm/gems/ruby-2.4.0-rc1/gems/railties-5.1.4/lib/rails/templates/rails/welcome/index.html.erb
  Rendered /home/yan/.rvm/gems/ruby-2.4.0-rc1/gems/railties-5.1.4/lib/rails/templates/rails/welcome/index.html.erb (1.8ms)
Completed 200 OK in 243ms (Views: 20.3ms)


Started GET "/" for 127.0.0.1 at 2017-10-21 17:49:42 +0300
Processing by Rails::WelcomeController#index as HTML
  Rendering /home/yan/.rvm/gems/ruby-2.4.0-rc1/gems/railties-5.1.4/lib/rails/templates/rails/welcome/index.html.erb
  Rendered /home/yan/.rvm/gems/ruby-2.4.0-rc1/gems/railties-5.1.4/lib/rails/templates/rails/welcome/index.html.erb (1.4ms)
Completed 200 OK in 3ms (Views: 2.0ms)


Started GET "/" for 127.0.0.1 at 2017-10-21 17:50:52 +0300
Processing by Rails::WelcomeController#index as HTML
  Rendering /home/yan/.rvm/gems/ruby-2.4.0-rc1/gems/railties-5.1.4/lib/rails/templates/rails/welcome/index.html.erb
  Rendered /home/yan/.rvm/gems/ruby-2.4.0-rc1/gems/railties-5.1.4/lib/rails/templates/rails/welcome/index.html.erb (2.2ms)
Completed 200 OK in 4ms (Views: 3.4ms)


Started GET "/" for 127.0.0.1 at 2017-10-21 17:50:53 +0300
Processing by Rails::WelcomeController#index as HTML
  Rendering /home/yan/.rvm/gems/ruby-2.4.0-rc1/gems/railties-5.1.4/lib/rails/templates/rails/welcome/index.html.erb
  Rendered /home/yan/.rvm/gems/ruby-2.4.0-rc1/gems/railties-5.1.4/lib/rails/templates/rails/welcome/index.html.erb (1.3ms)
Completed 200 OK in 3ms (Views: 1.9ms)


Started GET "/" for 127.0.0.1 at 2017-10-21 20:07:33 +0300
Processing by Rails::WelcomeController#index as HTML
  Rendering /home/yan/.rvm/gems/ruby-2.4.0-rc1/gems/railties-5.1.4/lib/rails/templates/rails/welcome/index.html.erb
  Rendered /home/yan/.rvm/gems/ruby-2.4.0-rc1/gems/railties-5.1.4/lib/rails/templates/rails/welcome/index.html.erb (2.2ms)
Completed 200 OK in 287ms (Views: 25.5ms)


Started GET "/" for 127.0.0.1 at 2017-10-21 20:19:38 +0300
Processing by PagesController#index as HTML
  Rendering pages/index.html.erb within layouts/application
  Rendered pages/index.html.erb within layouts/application (13.0ms)
Completed 200 OK in 2081ms (Views: 1951.0ms)


Started GET "/" for 127.0.0.1 at 2017-10-21 20:21:24 +0300
Processing by PagesController#index as HTML
  Rendering pages/index.html.erb within layouts/application
  Rendered pages/index.html.erb within layouts/application (0.3ms)
Completed 200 OK in 74ms (Views: 73.1ms)


Started GET "/" for 127.0.0.1 at 2017-10-21 20:21:49 +0300
Processing by PagesController#index as HTML
  Rendering pages/index.html.erb within layouts/application
  Rendered pages/index.html.erb within layouts/application (0.2ms)
Completed 200 OK in 12ms (Views: 11.6ms)


Started GET "/" for 127.0.0.1 at 2017-10-21 20:21:50 +0300
Processing by PagesController#index as HTML
  Rendering pages/index.html.erb within layouts/application
  Rendered pages/index.html.erb within layouts/application (0.3ms)
Completed 200 OK in 12ms (Views: 11.1ms)


Started GET "/" for 127.0.0.1 at 2017-10-21 20:23:28 +0300
Processing by PagesController#index as HTML
  Rendering pages/index.html.erb within layouts/application
  Rendered pages/index.html.erb within layouts/application (0.3ms)
Completed 200 OK in 24ms (Views: 23.4ms)


Started GET "/" for 127.0.0.1 at 2017-10-21 20:24:15 +0300
Processing by PagesController#index as HTML
  Rendering pages/index.html.erb within layouts/application
  Rendered pages/index.html.erb within layouts/application (0.3ms)
Completed 200 OK in 22ms (Views: 21.2ms)


Started GET "/" for 127.0.0.1 at 2017-10-21 22:52:10 +0300
Processing by PagesController#index as HTML
  Rendering pages/index.html.erb within layouts/application
  Rendered pages/index.html.erb within layouts/application (30.7ms)
Completed 200 OK in 338ms (Views: 321.0ms)


Started GET "/" for 127.0.0.1 at 2017-10-21 22:57:39 +0300
Processing by PagesController#index as HTML
  Rendering pages/index.html.erb within layouts/application
  Rendered pages/index.html.erb within layouts/application (0.4ms)
Completed 200 OK in 82ms (Views: 81.3ms)


Started GET "/" for 127.0.0.1 at 2017-10-21 22:58:28 +0300
Processing by PagesController#index as HTML
  Rendering pages/index.html.erb within layouts/application
  Rendered pages/index.html.erb within layouts/application (0.2ms)
Completed 200 OK in 21ms (Views: 20.5ms)


Started GET "/" for 127.0.0.1 at 2017-10-21 22:58:57 +0300
Processing by PagesController#index as HTML
  Rendering pages/index.html.erb within layouts/application
  Rendered pages/index.html.erb within layouts/application (0.9ms)
Completed 200 OK in 15ms (Views: 13.6ms)


Started GET "/" for 127.0.0.1 at 2017-10-21 22:59:22 +0300
Processing by PagesController#index as HTML
  Rendering pages/index.html.erb within layouts/application
  Rendered pages/index.html.erb within layouts/application (0.3ms)
Completed 200 OK in 10ms (Views: 9.4ms)


Started GET "/" for 127.0.0.1 at 2017-10-21 23:00:02 +0300
Processing by PagesController#index as HTML
  Rendering pages/index.html.erb within layouts/application
  Rendered pages/index.html.erb within layouts/application (0.3ms)
Completed 200 OK in 11ms (Views: 10.7ms)


Started GET "/" for 127.0.0.1 at 2017-10-21 23:00:14 +0300
Processing by PagesController#index as HTML
  Rendering pages/index.html.erb within layouts/application
  Rendered pages/index.html.erb within layouts/application (0.3ms)
Completed 200 OK in 9ms (Views: 8.3ms)


Started GET "/" for 127.0.0.1 at 2017-10-21 23:00:15 +0300
Processing by PagesController#index as HTML
  Rendering pages/index.html.erb within layouts/application
  Rendered pages/index.html.erb within layouts/application (0.2ms)
Completed 200 OK in 12ms (Views: 11.1ms)


Started GET "/" for 127.0.0.1 at 2017-10-21 23:03:25 +0300
Processing by PagesController#index as HTML
  Rendering pages/index.html.erb within layouts/application
  Rendered pages/index.html.erb within layouts/application (0.2ms)
Completed 200 OK in 10ms (Views: 9.2ms)


Started GET "/" for 127.0.0.1 at 2017-10-21 23:05:19 +0300
Processing by PagesController#index as HTML
  Rendering pages/index.html.erb within layouts/application
  Rendered pages/index.html.erb within layouts/application (0.4ms)
Completed 200 OK in 14ms (Views: 12.7ms)


Started GET "/" for 127.0.0.1 at 2017-10-21 23:11:16 +0300
Processing by PagesController#index as HTML
  Rendering pages/index.html.erb within layouts/application
  Rendered pages/index.html.erb within layouts/application (0.3ms)
Completed 200 OK in 17ms (Views: 15.9ms)


Started GET "/" for 127.0.0.1 at 2017-10-21 23:11:37 +0300
Processing by PagesController#index as HTML
  Rendering pages/index.html.erb within layouts/application
  Rendered pages/index.html.erb within layouts/application (0.3ms)
Completed 200 OK in 12ms (Views: 11.1ms)


Started POST "/" for 127.0.0.1 at 2017-10-21 23:11:40 +0300
  
ActionController::RoutingError (No route matches [POST] "/"):
  
actionpack (5.1.4) lib/action_dispatch/middleware/debug_exceptions.rb:63:in `call'
web-console (3.5.1) lib/web_console/middleware.rb:135:in `call_app'
web-console (3.5.1) lib/web_console/middleware.rb:28:in `block in call'
web-console (3.5.1) lib/web_console/middleware.rb:18:in `catch'
web-console (3.5.1) lib/web_console/middleware.rb:18:in `call'
actionpack (5.1.4) lib/action_dispatch/middleware/show_exceptions.rb:31:in `call'
railties (5.1.4) lib/rails/rack/logger.rb:36:in `call_app'
railties (5.1.4) lib/rails/rack/logger.rb:24:in `block in call'
activesupport (5.1.4) lib/active_support/tagged_logging.rb:69:in `block in tagged'
activesupport (5.1.4) lib/active_support/tagged_logging.rb:26:in `tagged'
activesupport (5.1.4) lib/active_support/tagged_logging.rb:69:in `tagged'
railties (5.1.4) lib/rails/rack/logger.rb:24:in `call'
sprockets-rails (3.2.1) lib/sprockets/rails/quiet_assets.rb:13:in `call'
actionpack (5.1.4) lib/action_dispatch/middleware/remote_ip.rb:79:in `call'
actionpack (5.1.4) lib/action_dispatch/middleware/request_id.rb:25:in `call'
rack (2.0.3) lib/rack/method_override.rb:22:in `call'
rack (2.0.3) lib/rack/runtime.rb:22:in `call'
activesupport (5.1.4) lib/active_support/cache/strategy/local_cache_middleware.rb:27:in `call'
actionpack (5.1.4) lib/action_dispatch/middleware/executor.rb:12:in `call'
actionpack (5.1.4) lib/action_dispatch/middleware/static.rb:125:in `call'
rack (2.0.3) lib/rack/sendfile.rb:111:in `call'
railties (5.1.4) lib/rails/engine.rb:522:in `call'
puma (3.10.0) lib/puma/configuration.rb:225:in `call'
puma (3.10.0) lib/puma/server.rb:605:in `handle_request'
puma (3.10.0) lib/puma/server.rb:437:in `process_client'
puma (3.10.0) lib/puma/server.rb:301:in `block in run'
puma (3.10.0) lib/puma/thread_pool.rb:120:in `block in spawn_thread'
Started POST "/" for 127.0.0.1 at 2017-10-21 23:11:40 +0300
  
ActionController::RoutingError (No route matches [POST] "/"):
  
actionpack (5.1.4) lib/action_dispatch/middleware/debug_exceptions.rb:63:in `call'
web-console (3.5.1) lib/web_console/middleware.rb:135:in `call_app'
web-console (3.5.1) lib/web_console/middleware.rb:28:in `block in call'
web-console (3.5.1) lib/web_console/middleware.rb:18:in `catch'
web-console (3.5.1) lib/web_console/middleware.rb:18:in `call'
actionpack (5.1.4) lib/action_dispatch/middleware/show_exceptions.rb:31:in `call'
railties (5.1.4) lib/rails/rack/logger.rb:36:in `call_app'
railties (5.1.4) lib/rails/rack/logger.rb:24:in `block in call'
activesupport (5.1.4) lib/active_support/tagged_logging.rb:69:in `block in tagged'
activesupport (5.1.4) lib/active_support/tagged_logging.rb:26:in `tagged'
activesupport (5.1.4) lib/active_support/tagged_logging.rb:69:in `tagged'
railties (5.1.4) lib/rails/rack/logger.rb:24:in `call'
sprockets-rails (3.2.1) lib/sprockets/rails/quiet_assets.rb:13:in `call'
actionpack (5.1.4) lib/action_dispatch/middleware/remote_ip.rb:79:in `call'
actionpack (5.1.4) lib/action_dispatch/middleware/request_id.rb:25:in `call'
rack (2.0.3) lib/rack/method_override.rb:22:in `call'
rack (2.0.3) lib/rack/runtime.rb:22:in `call'
activesupport (5.1.4) lib/active_support/cache/strategy/local_cache_middleware.rb:27:in `call'
actionpack (5.1.4) lib/action_dispatch/middleware/executor.rb:12:in `call'
actionpack (5.1.4) lib/action_dispatch/middleware/static.rb:125:in `call'
rack (2.0.3) lib/rack/sendfile.rb:111:in `call'
railties (5.1.4) lib/rails/engine.rb:522:in `call'
puma (3.10.0) lib/puma/configuration.rb:225:in `call'
puma (3.10.0) lib/puma/server.rb:605:in `handle_request'
puma (3.10.0) lib/puma/server.rb:437:in `process_client'
puma (3.10.0) lib/puma/server.rb:301:in `block in run'
puma (3.10.0) lib/puma/thread_pool.rb:120:in `block in spawn_thread'
Started POST "/" for 127.0.0.1 at 2017-10-21 23:11:41 +0300
  
ActionController::RoutingError (No route matches [POST] "/"):
  
actionpack (5.1.4) lib/action_dispatch/middleware/debug_exceptions.rb:63:in `call'
web-console (3.5.1) lib/web_console/middleware.rb:135:in `call_app'
web-console (3.5.1) lib/web_console/middleware.rb:28:in `block in call'
web-console (3.5.1) lib/web_console/middleware.rb:18:in `catch'
web-console (3.5.1) lib/web_console/middleware.rb:18:in `call'
actionpack (5.1.4) lib/action_dispatch/middleware/show_exceptions.rb:31:in `call'
railties (5.1.4) lib/rails/rack/logger.rb:36:in `call_app'
railties (5.1.4) lib/rails/rack/logger.rb:24:in `block in call'
activesupport (5.1.4) lib/active_support/tagged_logging.rb:69:in `block in tagged'
activesupport (5.1.4) lib/active_support/tagged_logging.rb:26:in `tagged'
activesupport (5.1.4) lib/active_support/tagged_logging.rb:69:in `tagged'
railties (5.1.4) lib/rails/rack/logger.rb:24:in `call'
sprockets-rails (3.2.1) lib/sprockets/rails/quiet_assets.rb:13:in `call'
actionpack (5.1.4) lib/action_dispatch/middleware/remote_ip.rb:79:in `call'
actionpack (5.1.4) lib/action_dispatch/middleware/request_id.rb:25:in `call'
rack (2.0.3) lib/rack/method_override.rb:22:in `call'
rack (2.0.3) lib/rack/runtime.rb:22:in `call'
activesupport (5.1.4) lib/active_support/cache/strategy/local_cache_middleware.rb:27:in `call'
actionpack (5.1.4) lib/action_dispatch/middleware/executor.rb:12:in `call'
actionpack (5.1.4) lib/action_dispatch/middleware/static.rb:125:in `call'
rack (2.0.3) lib/rack/sendfile.rb:111:in `call'
railties (5.1.4) lib/rails/engine.rb:522:in `call'
puma (3.10.0) lib/puma/configuration.rb:225:in `call'
puma (3.10.0) lib/puma/server.rb:605:in `handle_request'
puma (3.10.0) lib/puma/server.rb:437:in `process_client'
puma (3.10.0) lib/puma/server.rb:301:in `block in run'
puma (3.10.0) lib/puma/thread_pool.rb:120:in `block in spawn_thread'
Started POST "/" for 127.0.0.1 at 2017-10-21 23:12:02 +0300
  
ActionController::RoutingError (No route matches [POST] "/"):
  
actionpack (5.1.4) lib/action_dispatch/middleware/debug_exceptions.rb:63:in `call'
web-console (3.5.1) lib/web_console/middleware.rb:135:in `call_app'
web-console (3.5.1) lib/web_console/middleware.rb:28:in `block in call'
web-console (3.5.1) lib/web_console/middleware.rb:18:in `catch'
web-console (3.5.1) lib/web_console/middleware.rb:18:in `call'
actionpack (5.1.4) lib/action_dispatch/middleware/show_exceptions.rb:31:in `call'
railties (5.1.4) lib/rails/rack/logger.rb:36:in `call_app'
railties (5.1.4) lib/rails/rack/logger.rb:24:in `block in call'
activesupport (5.1.4) lib/active_support/tagged_logging.rb:69:in `block in tagged'
activesupport (5.1.4) lib/active_support/tagged_logging.rb:26:in `tagged'
activesupport (5.1.4) lib/active_support/tagged_logging.rb:69:in `tagged'
railties (5.1.4) lib/rails/rack/logger.rb:24:in `call'
sprockets-rails (3.2.1) lib/sprockets/rails/quiet_assets.rb:13:in `call'
actionpack (5.1.4) lib/action_dispatch/middleware/remote_ip.rb:79:in `call'
actionpack (5.1.4) lib/action_dispatch/middleware/request_id.rb:25:in `call'
rack (2.0.3) lib/rack/method_override.rb:22:in `call'
rack (2.0.3) lib/rack/runtime.rb:22:in `call'
activesupport (5.1.4) lib/active_support/cache/strategy/local_cache_middleware.rb:27:in `call'
actionpack (5.1.4) lib/action_dispatch/middleware/executor.rb:12:in `call'
actionpack (5.1.4) lib/action_dispatch/middleware/static.rb:125:in `call'
rack (2.0.3) lib/rack/sendfile.rb:111:in `call'
railties (5.1.4) lib/rails/engine.rb:522:in `call'
puma (3.10.0) lib/puma/configuration.rb:225:in `call'
puma (3.10.0) lib/puma/server.rb:605:in `handle_request'
puma (3.10.0) lib/puma/server.rb:437:in `process_client'
puma (3.10.0) lib/puma/server.rb:301:in `block in run'
puma (3.10.0) lib/puma/thread_pool.rb:120:in `block in spawn_thread'
Started POST "/" for 127.0.0.1 at 2017-10-21 23:12:12 +0300
  
ActionController::RoutingError (No route matches [POST] "/"):
  
actionpack (5.1.4) lib/action_dispatch/middleware/debug_exceptions.rb:63:in `call'
web-console (3.5.1) lib/web_console/middleware.rb:135:in `call_app'
web-console (3.5.1) lib/web_console/middleware.rb:28:in `block in call'
web-console (3.5.1) lib/web_console/middleware.rb:18:in `catch'
web-console (3.5.1) lib/web_console/middleware.rb:18:in `call'
actionpack (5.1.4) lib/action_dispatch/middleware/show_exceptions.rb:31:in `call'
railties (5.1.4) lib/rails/rack/logger.rb:36:in `call_app'
railties (5.1.4) lib/rails/rack/logger.rb:24:in `block in call'
activesupport (5.1.4) lib/active_support/tagged_logging.rb:69:in `block in tagged'
activesupport (5.1.4) lib/active_support/tagged_logging.rb:26:in `tagged'
activesupport (5.1.4) lib/active_support/tagged_logging.rb:69:in `tagged'
railties (5.1.4) lib/rails/rack/logger.rb:24:in `call'
sprockets-rails (3.2.1) lib/sprockets/rails/quiet_assets.rb:13:in `call'
actionpack (5.1.4) lib/action_dispatch/middleware/remote_ip.rb:79:in `call'
actionpack (5.1.4) lib/action_dispatch/middleware/request_id.rb:25:in `call'
rack (2.0.3) lib/rack/method_override.rb:22:in `call'
rack (2.0.3) lib/rack/runtime.rb:22:in `call'
activesupport (5.1.4) lib/active_support/cache/strategy/local_cache_middleware.rb:27:in `call'
actionpack (5.1.4) lib/action_dispatch/middleware/executor.rb:12:in `call'
actionpack (5.1.4) lib/action_dispatch/middleware/static.rb:125:in `call'
rack (2.0.3) lib/rack/sendfile.rb:111:in `call'
railties (5.1.4) lib/rails/engine.rb:522:in `call'
puma (3.10.0) lib/puma/configuration.rb:225:in `call'
puma (3.10.0) lib/puma/server.rb:605:in `handle_request'
puma (3.10.0) lib/puma/server.rb:437:in `process_client'
puma (3.10.0) lib/puma/server.rb:301:in `block in run'
puma (3.10.0) lib/puma/thread_pool.rb:120:in `block in spawn_thread'
Started GET "/" for 127.0.0.1 at 2017-10-21 23:14:03 +0300
Processing by PagesController#index as HTML
  Rendering pages/index.html.erb within layouts/application
  Rendered pages/index.html.erb within layouts/application (0.3ms)
Completed 200 OK in 33ms (Views: 32.2ms)


Started GET "/" for 127.0.0.1 at 2017-10-21 23:16:08 +0300
Processing by PagesController#index as HTML
  Rendering pages/index.html.erb within layouts/application
  Rendered pages/index.html.erb within layouts/application (0.3ms)
Completed 200 OK in 11ms (Views: 9.9ms)


Started GET "/" for 127.0.0.1 at 2017-10-21 23:16:22 +0300
Processing by PagesController#index as HTML
  Rendering pages/index.html.erb within layouts/application
  Rendered pages/index.html.erb within layouts/application (0.3ms)
Completed 200 OK in 11ms (Views: 10.1ms)


Started GET "/" for 127.0.0.1 at 2017-10-21 23:16:51 +0300
Processing by PagesController#index as HTML
  Rendering pages/index.html.erb within layouts/application
  Rendered pages/index.html.erb within layouts/application (0.4ms)
Completed 200 OK in 12ms (Views: 11.4ms)


Started GET "/" for 127.0.0.1 at 2017-10-21 23:17:03 +0300
Processing by PagesController#index as HTML
  Rendering pages/index.html.erb within layouts/application
  Rendered pages/index.html.erb within layouts/application (0.3ms)
Completed 200 OK in 16ms (Views: 15.2ms)


Started GET "/" for 127.0.0.1 at 2017-10-21 23:17:03 +0300
Processing by PagesController#index as HTML
  Rendering pages/index.html.erb within layouts/application
  Rendered pages/index.html.erb within layouts/application (0.3ms)
Completed 200 OK in 11ms (Views: 10.0ms)


Started GET "/" for 127.0.0.1 at 2017-10-21 23:19:14 +0300
Processing by PagesController#index as HTML
  Rendering pages/index.html.erb within layouts/application
  Rendered pages/index.html.erb within layouts/application (0.3ms)
Completed 200 OK in 10ms (Views: 9.3ms)


Started GET "/" for 127.0.0.1 at 2017-10-21 23:19:26 +0300
Processing by PagesController#index as HTML
  Rendering pages/index.html.erb within layouts/application
  Rendered pages/index.html.erb within layouts/application (0.7ms)
Completed 200 OK in 11ms (Views: 10.1ms)


Started GET "/" for 127.0.0.1 at 2017-10-21 23:22:59 +0300
Processing by PagesController#index as HTML
  Rendering pages/index.html.erb within layouts/application
  Rendered pages/index.html.erb within layouts/application (0.3ms)
Completed 200 OK in 11ms (Views: 10.1ms)


Started GET "/" for 127.0.0.1 at 2017-10-21 23:23:26 +0300
Processing by PagesController#index as HTML
  Rendering pages/index.html.erb within layouts/application
  Rendered pages/index.html.erb within layouts/application (0.3ms)
Completed 200 OK in 10ms (Views: 9.5ms)


Started GET "/" for 127.0.0.1 at 2017-10-21 23:25:08 +0300
Processing by PagesController#index as HTML
  Rendering pages/index.html.erb within layouts/application
  Rendered pages/index.html.erb within layouts/application (0.4ms)
Completed 200 OK in 10ms (Views: 9.2ms)


Started GET "/" for 127.0.0.1 at 2017-10-21 23:25:36 +0300
Processing by PagesController#index as HTML
  Rendering pages/index.html.erb within layouts/application
  Rendered pages/index.html.erb within layouts/application (0.3ms)
Completed 200 OK in 11ms (Views: 10.7ms)


Started GET "/" for 127.0.0.1 at 2017-10-21 23:26:11 +0300
Processing by PagesController#index as HTML
  Rendering pages/index.html.erb within layouts/application
  Rendered pages/index.html.erb within layouts/application (0.3ms)
Completed 200 OK in 11ms (Views: 10.4ms)


Started GET "/" for 127.0.0.1 at 2017-10-21 23:26:45 +0300
Processing by PagesController#index as HTML
  Rendering pages/index.html.erb within layouts/application
  Rendered pages/index.html.erb within layouts/application (0.3ms)
Completed 200 OK in 17ms (Views: 16.3ms)


Started GET "/" for 127.0.0.1 at 2017-10-21 23:33:27 +0300
Processing by PagesController#index as HTML
  Rendering pages/index.html.erb within layouts/application
  Rendered pages/index.html.erb within layouts/application (153.0ms)
Completed 500 Internal Server Error in 155ms


  
ActionView::Template::Error (undefined local variable or method `f' for #<#<Class:0x007f9085dc2f90>:0x007f909411b260>):
     9: </head>
    10: <body>
    11: <form action="" method="POST">
    12:   <%= f.label :a, "Описание", class:"col-form-label" %>
    13: A: <input type="text" id="a"><br/>
    14: B: <input type="text" id="b"><br/>
    15: <input type="button" value="a+b" id="submit" name="submit" onclick="alert(a)"> <br/>
  
app/views/pages/index.html.erb:12:in `_app_views_pages_index_html_erb__28118200911066640_70129468104200'
Started GET "/" for 127.0.0.1 at 2017-10-21 23:37:28 +0300
Processing by PagesController#index as HTML
  Rendering pages/index.html.erb within layouts/application
  Rendered pages/index.html.erb within layouts/application (0.3ms)
Completed 200 OK in 47ms (Views: 46.6ms)


Started GET "/" for 127.0.0.1 at 2017-10-21 23:37:43 +0300
Processing by PagesController#index as HTML
  Rendering pages/index.html.erb within layouts/application
  Rendered pages/index.html.erb within layouts/application (0.3ms)
Completed 200 OK in 11ms (Views: 10.4ms)


Started GET "/" for 127.0.0.1 at 2017-10-21 23:41:08 +0300
Processing by PagesController#index as HTML
  Rendering pages/index.html.erb within layouts/application
  Rendered pages/index.html.erb within layouts/application (0.2ms)
Completed 200 OK in 79ms (Views: 77.6ms)


Started GET "/" for 127.0.0.1 at 2017-10-21 23:41:48 +0300
Processing by PagesController#index as HTML
  Rendering pages/index.html.erb within layouts/application
  Rendered pages/index.html.erb within layouts/application (0.2ms)
Completed 200 OK in 515ms (Views: 514.6ms)


Started GET "/" for 127.0.0.1 at 2017-10-21 23:43:17 +0300
Processing by PagesController#index as HTML
  Rendering pages/index.html.erb within layouts/application
  Rendered pages/index.html.erb within layouts/application (0.4ms)
Completed 200 OK in 13ms (Views: 11.5ms)


Started GET "/" for 127.0.0.1 at 2017-10-21 23:46:09 +0300
Processing by PagesController#index as HTML
  Rendering pages/index.html.erb within layouts/application
  Rendered pages/index.html.erb within layouts/application (0.3ms)
Completed 200 OK in 153ms (Views: 152.2ms)


Started GET "/" for 127.0.0.1 at 2017-10-21 23:46:35 +0300
Processing by PagesController#index as HTML
  Rendering pages/index.html.erb within layouts/application
  Rendered pages/index.html.erb within layouts/application (0.3ms)
Completed 200 OK in 167ms (Views: 166.8ms)


Started GET "/" for 127.0.0.1 at 2017-10-21 23:49:26 +0300
Processing by PagesController#index as HTML
  Rendering pages/index.html.erb within layouts/application
  Rendered pages/index.html.erb within layouts/application (0.3ms)
Completed 200 OK in 267ms (Views: 266.2ms)


Started GET "/" for 127.0.0.1 at 2017-10-21 23:49:45 +0300
Processing by PagesController#index as HTML
  Rendering pages/index.html.erb within layouts/application
  Rendered pages/index.html.erb within layouts/application (0.3ms)
Completed 200 OK in 172ms (Views: 171.5ms)


Started GET "/" for 127.0.0.1 at 2017-10-21 23:50:33 +0300
Processing by PagesController#index as HTML
  Rendering pages/index.html.erb within layouts/application
  Rendered pages/index.html.erb within layouts/application (0.3ms)
Completed 200 OK in 35ms (Views: 34.3ms)


Started GET "/" for 127.0.0.1 at 2017-10-21 23:50:50 +0300
Processing by PagesController#index as HTML
  Rendering pages/index.html.erb within layouts/application
  Rendered pages/index.html.erb within layouts/application (0.6ms)
Completed 200 OK in 152ms (Views: 151.7ms)


Started GET "/" for 127.0.0.1 at 2017-10-21 23:50:52 +0300
Processing by PagesController#index as HTML
  Rendering pages/index.html.erb within layouts/application
  Rendered pages/index.html.erb within layouts/application (0.3ms)
Completed 200 OK in 14ms (Views: 13.2ms)


Started GET "/" for 127.0.0.1 at 2017-10-21 23:51:50 +0300
Processing by PagesController#index as HTML
  Rendering pages/index.html.erb within layouts/application
  Rendered pages/index.html.erb within layouts/application (0.2ms)
Completed 200 OK in 21ms (Views: 20.7ms)


Started GET "/" for 127.0.0.1 at 2017-10-21 23:53:26 +0300
Processing by PagesController#index as HTML
  Rendering pages/index.html.erb within layouts/application
  Rendered pages/index.html.erb within layouts/application (0.2ms)
Completed 200 OK in 15ms (Views: 10.3ms)


Started GET "/" for 127.0.0.1 at 2017-10-21 23:57:17 +0300
Processing by PagesController#index as HTML
  Rendering pages/index.html.erb within layouts/application
  Rendered pages/index.html.erb within layouts/application (0.3ms)
Completed 200 OK in 149ms (Views: 148.5ms)


Started GET "/" for 127.0.0.1 at 2017-10-21 23:57:36 +0300
Processing by PagesController#index as HTML
  Rendering pages/index.html.erb within layouts/application
  Rendered pages/index.html.erb within layouts/application (0.4ms)
Completed 200 OK in 26ms (Views: 24.8ms)


Started GET "/" for 127.0.0.1 at 2017-10-21 23:58:02 +0300
Processing by PagesController#index as HTML
  Rendering pages/index.html.erb within layouts/application
  Rendered pages/index.html.erb within layouts/application (0.2ms)
Completed 200 OK in 21ms (Views: 20.0ms)


Started GET "/" for 127.0.0.1 at 2017-10-21 23:58:33 +0300
Processing by PagesController#index as HTML
  Rendering pages/index.html.erb within layouts/application
  Rendered pages/index.html.erb within layouts/application (0.4ms)
Completed 200 OK in 199ms (Views: 198.4ms)


Started GET "/" for 127.0.0.1 at 2017-10-21 23:58:46 +0300
Processing by PagesController#index as HTML
  Rendering pages/index.html.erb within layouts/application
  Rendered pages/index.html.erb within layouts/application (0.3ms)
Completed 200 OK in 196ms (Views: 195.2ms)


Started GET "/" for 127.0.0.1 at 2017-10-21 23:59:06 +0300
Processing by PagesController#index as HTML
  Rendering pages/index.html.erb within layouts/application
  Rendered pages/index.html.erb within layouts/application (0.3ms)
Completed 200 OK in 14ms (Views: 13.5ms)


Started GET "/" for 127.0.0.1 at 2017-10-22 00:04:38 +0300
Processing by PagesController#index as HTML
  Rendering pages/index.html.erb within layouts/application
  Rendered pages/index.html.erb within layouts/application (9.2ms)
Completed 500 Internal Server Error in 346ms


  
ActionView::Template::Error (couldn't find file 'jquery' with type 'application/javascript'
Checked in these paths: 
  /home/yan/ruby/RailsDZ/app/assets/config
  /home/yan/ruby/RailsDZ/app/assets/images
  /home/yan/ruby/RailsDZ/app/assets/javascripts
  /home/yan/ruby/RailsDZ/app/assets/stylesheets
  /home/yan/.rvm/gems/ruby-2.4.0-rc1/gems/coffee-rails-4.2.2/lib/assets/javascripts
  /home/yan/.rvm/gems/ruby-2.4.0-rc1/gems/actioncable-5.1.4/lib/assets/compiled
  /home/yan/.rvm/gems/ruby-2.4.0-rc1/gems/actionview-5.1.4/lib/assets/compiled
  /home/yan/.rvm/gems/ruby-2.4.0-rc1/gems/turbolinks-source-5.0.3/lib/assets/javascripts
  /home/yan/ruby/RailsDZ/node_modules):
     5: 
     6:     <%= csrf_meta_tags %>
     7: 
     8:     <%= stylesheet_link_tag    'application', media: 'all', 'data-turbolinks-track': 'reload' %>
     9:     <%= javascript_include_tag 'application', 'data-turbolinks-track': 'reload' %>
    10:   </head>
    11: 
  
app/assets/javascripts/application.js.coffee:1
app/views/layouts/application.html.erb:8:in `_app_views_layouts_application_html_erb___866599776210526077_70044511074280'
Started GET "/" for 127.0.0.1 at 2017-10-22 00:06:14 +0300
Processing by PagesController#index as HTML
  Rendering pages/index.html.erb within layouts/application
  Rendered pages/index.html.erb within layouts/application (1.0ms)
Completed 500 Internal Server Error in 618ms


  
ActionView::Template::Error (couldn't find file 'jquery' with type 'application/javascript'
Checked in these paths: 
  /home/yan/ruby/RailsDZ/app/assets/config
  /home/yan/ruby/RailsDZ/app/assets/images
  /home/yan/ruby/RailsDZ/app/assets/javascripts
  /home/yan/ruby/RailsDZ/app/assets/stylesheets
  /home/yan/.rvm/gems/ruby-2.4.0-rc1/gems/coffee-rails-4.2.2/lib/assets/javascripts
  /home/yan/.rvm/gems/ruby-2.4.0-rc1/gems/jquery-ui-rails-6.0.1/app/assets/images
  /home/yan/.rvm/gems/ruby-2.4.0-rc1/gems/jquery-ui-rails-6.0.1/app/assets/javascripts
  /home/yan/.rvm/gems/ruby-2.4.0-rc1/gems/jquery-ui-rails-6.0.1/app/assets/stylesheets
  /home/yan/.rvm/gems/ruby-2.4.0-rc1/gems/actioncable-5.1.4/lib/assets/compiled
  /home/yan/.rvm/gems/ruby-2.4.0-rc1/gems/actionview-5.1.4/lib/assets/compiled
  /home/yan/.rvm/gems/ruby-2.4.0-rc1/gems/turbolinks-source-5.0.3/lib/assets/javascripts
  /home/yan/ruby/RailsDZ/node_modules):
     5: 
     6:     <%= csrf_meta_tags %>
     7: 
     8:     <%= stylesheet_link_tag    'application', media: 'all', 'data-turbolinks-track': 'reload' %>
     9:     <%= javascript_include_tag 'application', 'data-turbolinks-track': 'reload' %>
    10:   </head>
    11: 
  
app/assets/javascripts/application.js.coffee:1
app/views/layouts/application.html.erb:8:in `_app_views_layouts_application_html_erb___2591262220022218430_27074880'
Started GET "/" for 127.0.0.1 at 2017-10-22 00:07:48 +0300
Processing by PagesController#index as HTML
  Rendering pages/index.html.erb within layouts/application
  Rendered pages/index.html.erb within layouts/application (0.4ms)
Completed 500 Internal Server Error in 10ms


  
ActionView::Template::Error (couldn't find file 'jquery' with type 'application/javascript'
Checked in these paths: 
  /home/yan/ruby/RailsDZ/app/assets/config
  /home/yan/ruby/RailsDZ/app/assets/images
  /home/yan/ruby/RailsDZ/app/assets/javascripts
  /home/yan/ruby/RailsDZ/app/assets/stylesheets
  /home/yan/.rvm/gems/ruby-2.4.0-rc1/gems/coffee-rails-4.2.2/lib/assets/javascripts
  /home/yan/.rvm/gems/ruby-2.4.0-rc1/gems/jquery-ui-rails-6.0.1/app/assets/images
  /home/yan/.rvm/gems/ruby-2.4.0-rc1/gems/jquery-ui-rails-6.0.1/app/assets/javascripts
  /home/yan/.rvm/gems/ruby-2.4.0-rc1/gems/jquery-ui-rails-6.0.1/app/assets/stylesheets
  /home/yan/.rvm/gems/ruby-2.4.0-rc1/gems/actioncable-5.1.4/lib/assets/compiled
  /home/yan/.rvm/gems/ruby-2.4.0-rc1/gems/actionview-5.1.4/lib/assets/compiled
  /home/yan/.rvm/gems/ruby-2.4.0-rc1/gems/turbolinks-source-5.0.3/lib/assets/javascripts
  /home/yan/ruby/RailsDZ/node_modules):
     5: 
     6:     <%= csrf_meta_tags %>
     7: 
     8:     <%= stylesheet_link_tag    'application', media: 'all', 'data-turbolinks-track': 'reload' %>
     9:     <%= javascript_include_tag 'application', 'data-turbolinks-track': 'reload' %>
    10:   </head>
    11: 
  
app/assets/javascripts/application.js.coffee:1
app/views/layouts/application.html.erb:8:in `_app_views_layouts_application_html_erb___2591262220022218430_70319285009700'
Started GET "/" for 127.0.0.1 at 2017-10-22 00:08:49 +0300
Processing by PagesController#index as HTML
  Rendering pages/index.html.erb within layouts/application
  Rendered pages/index.html.erb within layouts/application (0.2ms)
Completed 500 Internal Server Error in 7ms


  
ActionView::Template::Error (couldn't find file 'jquery' with type 'application/javascript'
Checked in these paths: 
  /home/yan/ruby/RailsDZ/app/assets/config
  /home/yan/ruby/RailsDZ/app/assets/images
  /home/yan/ruby/RailsDZ/app/assets/javascripts
  /home/yan/ruby/RailsDZ/app/assets/stylesheets
  /home/yan/.rvm/gems/ruby-2.4.0-rc1/gems/coffee-rails-4.2.2/lib/assets/javascripts
  /home/yan/.rvm/gems/ruby-2.4.0-rc1/gems/jquery-ui-rails-6.0.1/app/assets/images
  /home/yan/.rvm/gems/ruby-2.4.0-rc1/gems/jquery-ui-rails-6.0.1/app/assets/javascripts
  /home/yan/.rvm/gems/ruby-2.4.0-rc1/gems/jquery-ui-rails-6.0.1/app/assets/stylesheets
  /home/yan/.rvm/gems/ruby-2.4.0-rc1/gems/actioncable-5.1.4/lib/assets/compiled
  /home/yan/.rvm/gems/ruby-2.4.0-rc1/gems/actionview-5.1.4/lib/assets/compiled
  /home/yan/.rvm/gems/ruby-2.4.0-rc1/gems/turbolinks-source-5.0.3/lib/assets/javascripts
  /home/yan/ruby/RailsDZ/node_modules):
     5: 
     6:     <%= csrf_meta_tags %>
     7: 
     8:     <%= stylesheet_link_tag    'application', media: 'all', 'data-turbolinks-track': 'reload' %>
     9:     <%= javascript_include_tag 'application', 'data-turbolinks-track': 'reload' %>
    10:   </head>
    11: 
  
app/assets/javascripts/application.js.coffee:1
app/views/layouts/application.html.erb:8:in `_app_views_layouts_application_html_erb___2591262220022218430_70319430563380'
Started GET "/" for 127.0.0.1 at 2017-10-22 00:10:25 +0300
Processing by PagesController#index as HTML
  Rendering pages/index.html.erb within layouts/application
  Rendered pages/index.html.erb within layouts/application (0.3ms)
Completed 500 Internal Server Error in 29ms


  
ActionView::Template::Error (couldn't find file 'jquery' with type 'application/javascript'
Checked in these paths: 
  /home/yan/ruby/RailsDZ/app/assets/config
  /home/yan/ruby/RailsDZ/app/assets/images
  /home/yan/ruby/RailsDZ/app/assets/javascripts
  /home/yan/ruby/RailsDZ/app/assets/stylesheets
  /home/yan/.rvm/gems/ruby-2.4.0-rc1/gems/coffee-rails-4.2.2/lib/assets/javascripts
  /home/yan/.rvm/gems/ruby-2.4.0-rc1/gems/jquery-ui-rails-6.0.1/app/assets/images
  /home/yan/.rvm/gems/ruby-2.4.0-rc1/gems/jquery-ui-rails-6.0.1/app/assets/javascripts
  /home/yan/.rvm/gems/ruby-2.4.0-rc1/gems/jquery-ui-rails-6.0.1/app/assets/stylesheets
  /home/yan/.rvm/gems/ruby-2.4.0-rc1/gems/actioncable-5.1.4/lib/assets/compiled
  /home/yan/.rvm/gems/ruby-2.4.0-rc1/gems/actionview-5.1.4/lib/assets/compiled
  /home/yan/.rvm/gems/ruby-2.4.0-rc1/gems/turbolinks-source-5.0.3/lib/assets/javascripts
  /home/yan/ruby/RailsDZ/node_modules):
     5: 
     6:     <%= csrf_meta_tags %>
     7: 
     8:     <%= stylesheet_link_tag    'application', media: 'all', 'data-turbolinks-track': 'reload' %>
     9:     <%= javascript_include_tag 'application', 'data-turbolinks-track': 'reload' %>
    10:   </head>
    11: 
  
app/assets/javascripts/application.js.coffee:1
app/views/layouts/application.html.erb:8:in `_app_views_layouts_application_html_erb___2591262220022218430_70319433899620'
Started GET "/" for 127.0.0.1 at 2017-10-22 00:11:06 +0300
Processing by PagesController#index as HTML
  Rendering pages/index.html.erb within layouts/application
  Rendered pages/index.html.erb within layouts/application (0.8ms)
Completed 500 Internal Server Error in 1238ms


  
ActionView::Template::Error (couldn't find file 'jq' with type 'application/javascript'
Checked in these paths: 
  /home/yan/ruby/RailsDZ/app/assets/config
  /home/yan/ruby/RailsDZ/app/assets/images
  /home/yan/ruby/RailsDZ/app/assets/javascripts
  /home/yan/ruby/RailsDZ/app/assets/stylesheets
  /home/yan/.rvm/gems/ruby-2.4.0-rc1/gems/coffee-rails-4.2.2/lib/assets/javascripts
  /home/yan/.rvm/gems/ruby-2.4.0-rc1/gems/jquery-rails-4.3.1/vendor/assets/javascripts
  /home/yan/.rvm/gems/ruby-2.4.0-rc1/gems/jquery-ui-rails-6.0.1/app/assets/images
  /home/yan/.rvm/gems/ruby-2.4.0-rc1/gems/jquery-ui-rails-6.0.1/app/assets/javascripts
  /home/yan/.rvm/gems/ruby-2.4.0-rc1/gems/jquery-ui-rails-6.0.1/app/assets/stylesheets
  /home/yan/.rvm/gems/ruby-2.4.0-rc1/gems/actioncable-5.1.4/lib/assets/compiled
  /home/yan/.rvm/gems/ruby-2.4.0-rc1/gems/actionview-5.1.4/lib/assets/compiled
  /home/yan/.rvm/gems/ruby-2.4.0-rc1/gems/turbolinks-source-5.0.3/lib/assets/javascripts
  /home/yan/ruby/RailsDZ/node_modules):
     5: 
     6:     <%= csrf_meta_tags %>
     7: 
     8:     <%= stylesheet_link_tag    'application', media: 'all', 'data-turbolinks-track': 'reload' %>
     9:     <%= javascript_include_tag 'application', 'data-turbolinks-track': 'reload' %>
    10:   </head>
    11: 
  
app/assets/javascripts/pages.coffee:4
app/views/layouts/application.html.erb:8:in `_app_views_layouts_application_html_erb___3174291395746814090_28399520'
Started GET "/" for 127.0.0.1 at 2017-10-22 00:11:50 +0300
Processing by PagesController#index as HTML
  Rendering pages/index.html.erb within layouts/application
  Rendered pages/index.html.erb within layouts/application (0.6ms)
Completed 200 OK in 440ms (Views: 345.0ms)


Started GET "/" for 127.0.0.1 at 2017-10-22 00:12:48 +0300
Processing by PagesController#index as HTML
  Rendering pages/index.html.erb within layouts/application
  Rendered pages/index.html.erb within layouts/application (0.6ms)
Completed 200 OK in 570ms (Views: 482.7ms)


Started GET "/" for 127.0.0.1 at 2017-10-22 00:13:28 +0300
Processing by PagesController#index as HTML
  Rendering pages/index.html.erb within layouts/application
  Rendered pages/index.html.erb within layouts/application (0.3ms)
Completed 200 OK in 334ms (Views: 332.8ms)


Started GET "/" for 127.0.0.1 at 2017-10-22 00:13:58 +0300
Processing by PagesController#index as HTML
  Rendering pages/index.html.erb within layouts/application
  Rendered pages/index.html.erb within layouts/application (1.6ms)
Completed 200 OK in 454ms (Views: 308.3ms)


Started GET "/" for 127.0.0.1 at 2017-10-22 00:15:43 +0300
Processing by PagesController#index as HTML
  Rendering pages/index.html.erb within layouts/application
  Rendered pages/index.html.erb within layouts/application (0.2ms)
Completed 200 OK in 15ms (Views: 14.5ms)


Started GET "/" for 127.0.0.1 at 2017-10-22 00:16:13 +0300
Processing by PagesController#index as HTML
  Rendering pages/index.html.erb within layouts/application
  Rendered pages/index.html.erb within layouts/application (0.8ms)
Completed 200 OK in 17ms (Views: 15.8ms)


Started GET "/" for 127.0.0.1 at 2017-10-22 00:17:22 +0300
Processing by PagesController#index as HTML
  Rendering pages/index.html.erb within layouts/application
  Rendered pages/index.html.erb within layouts/application (0.2ms)
Completed 200 OK in 332ms (Views: 330.7ms)


Started GET "/" for 127.0.0.1 at 2017-10-22 00:18:36 +0300
Processing by PagesController#index as HTML
  Rendering pages/index.html.erb within layouts/application
  Rendered pages/index.html.erb within layouts/application (0.3ms)
Completed 200 OK in 198ms (Views: 197.2ms)


Started GET "/" for 127.0.0.1 at 2017-10-22 00:22:38 +0300
Processing by PagesController#index as HTML
  Rendering pages/index.html.erb within layouts/application
  Rendered pages/index.html.erb within layouts/application (0.4ms)
Completed 200 OK in 396ms (Views: 395.1ms)


Started GET "/" for 127.0.0.1 at 2017-10-22 00:23:21 +0300
Processing by PagesController#index as HTML
  Rendering pages/index.html.erb within layouts/application
  Rendered pages/index.html.erb within layouts/application (0.3ms)
Completed 200 OK in 233ms (Views: 231.9ms)


Started GET "/" for 127.0.0.1 at 2017-10-22 00:25:24 +0300
Processing by PagesController#index as HTML
  Rendering pages/index.html.erb within layouts/application
  Rendered pages/index.html.erb within layouts/application (0.2ms)
Completed 200 OK in 210ms (Views: 208.9ms)


Started GET "/" for 127.0.0.1 at 2017-10-22 00:32:11 +0300
Processing by PagesController#index as HTML
  Rendering pages/index.html.erb within layouts/application
  Rendered pages/index.html.erb within layouts/application (0.9ms)
Completed 200 OK in 1322ms (Views: 1320.0ms)


Started GET "/" for 127.0.0.1 at 2017-10-22 00:33:24 +0300
Processing by PagesController#index as HTML
  Rendering pages/index.html.erb within layouts/application
  Rendered pages/index.html.erb within layouts/application (0.9ms)
Completed 200 OK in 860ms (Views: 856.4ms)


Started GET "/" for 127.0.0.1 at 2017-10-22 00:33:40 +0300
Processing by PagesController#index as HTML
  Rendering pages/index.html.erb within layouts/application
  Rendered pages/index.html.erb within layouts/application (0.5ms)
Completed 200 OK in 769ms (Views: 767.5ms)


Started GET "/" for 127.0.0.1 at 2017-10-22 00:33:43 +0300
Processing by PagesController#index as HTML
  Rendering pages/index.html.erb within layouts/application
  Rendered pages/index.html.erb within layouts/application (1.0ms)
Completed 200 OK in 108ms (Views: 105.6ms)


Started GET "/" for 127.0.0.1 at 2017-10-22 00:34:27 +0300
Processing by PagesController#index as HTML
  Rendering pages/index.html.erb within layouts/application
  Rendered pages/index.html.erb within layouts/application (1.0ms)
Completed 200 OK in 442ms (Views: 440.6ms)


Started GET "/" for 127.0.0.1 at 2017-10-22 00:35:29 +0300
Processing by PagesController#index as HTML
  Rendering pages/index.html.erb within layouts/application
  Rendered pages/index.html.erb within layouts/application (0.5ms)
Completed 200 OK in 214ms (Views: 213.2ms)


Started GET "/" for 127.0.0.1 at 2017-10-22 00:49:29 +0300
Processing by PagesController#index as HTML
  Rendering pages/index.html.erb within layouts/application
  Rendered pages/index.html.erb within layouts/application (0.3ms)
Completed 200 OK in 220ms (Views: 219.8ms)


Started GET "/" for 127.0.0.1 at 2017-10-22 00:54:24 +0300
Processing by PagesController#index as HTML
  Rendering pages/index.html.erb within layouts/application
  Rendered pages/index.html.erb within layouts/application (0.3ms)
Completed 200 OK in 195ms (Views: 194.8ms)


Started GET "/" for 127.0.0.1 at 2017-10-22 00:55:01 +0300
Processing by PagesController#index as HTML
  Rendering pages/index.html.erb within layouts/application
  Rendered pages/index.html.erb within layouts/application (0.3ms)
Completed 200 OK in 196ms (Views: 195.1ms)


Started GET "/" for 127.0.0.1 at 2017-10-22 00:55:38 +0300
Processing by PagesController#index as HTML
  Rendering pages/index.html.erb within layouts/application
  Rendered pages/index.html.erb within layouts/application (0.5ms)
Completed 200 OK in 188ms (Views: 187.3ms)


Started GET "/" for 127.0.0.1 at 2017-10-22 00:56:13 +0300
Processing by PagesController#index as HTML
  Rendering pages/index.html.erb within layouts/application
  Rendered pages/index.html.erb within layouts/application (0.3ms)
Completed 200 OK in 182ms (Views: 181.4ms)


Started GET "/" for 127.0.0.1 at 2017-10-22 00:56:51 +0300
Processing by PagesController#index as HTML
  Rendering pages/index.html.erb within layouts/application
  Rendered pages/index.html.erb within layouts/application (0.3ms)
Completed 200 OK in 185ms (Views: 184.2ms)


Started GET "/" for 127.0.0.1 at 2017-10-22 00:57:49 +0300
Processing by PagesController#index as HTML
  Rendering pages/index.html.erb within layouts/application
  Rendered pages/index.html.erb within layouts/application (0.3ms)
Completed 200 OK in 242ms (Views: 240.8ms)


Started GET "/" for 127.0.0.1 at 2017-10-22 00:59:56 +0300
Processing by PagesController#index as HTML
  Rendering pages/index.html.erb within layouts/application
  Rendered pages/index.html.erb within layouts/application (0.3ms)
Completed 200 OK in 199ms (Views: 197.5ms)


Started GET "/" for 127.0.0.1 at 2017-10-22 01:02:50 +0300
Processing by PagesController#index as HTML
  Rendering pages/index.html.erb within layouts/application
  Rendered pages/index.html.erb within layouts/application (0.7ms)
Completed 200 OK in 196ms (Views: 195.1ms)


Started GET "/" for 127.0.0.1 at 2017-10-22 01:03:36 +0300
Processing by PagesController#index as HTML
  Rendering pages/index.html.erb within layouts/application
  Rendered pages/index.html.erb within layouts/application (0.5ms)
Completed 200 OK in 201ms (Views: 200.5ms)


Started GET "/" for 127.0.0.1 at 2017-10-22 01:03:50 +0300
Processing by PagesController#index as HTML
  Rendering pages/index.html.erb within layouts/application
  Rendered pages/index.html.erb within layouts/application (0.3ms)
Completed 200 OK in 204ms (Views: 203.6ms)


Started GET "/" for 127.0.0.1 at 2017-10-22 01:06:00 +0300
Processing by PagesController#index as HTML
  Rendering pages/index.html.erb within layouts/application
  Rendered pages/index.html.erb within layouts/application (0.5ms)
Completed 200 OK in 299ms (Views: 298.0ms)


Started GET "/" for 127.0.0.1 at 2017-10-22 01:06:45 +0300
Processing by PagesController#index as HTML
  Rendering pages/index.html.erb within layouts/application
  Rendered pages/index.html.erb within layouts/application (0.3ms)
Completed 200 OK in 190ms (Views: 189.2ms)


Started GET "/" for 127.0.0.1 at 2017-10-22 01:06:55 +0300
Processing by PagesController#index as HTML
  Rendering pages/index.html.erb within layouts/application
  Rendered pages/index.html.erb within layouts/application (0.3ms)
Completed 500 Internal Server Error in 309ms


  
ActionView::Template::Error (SyntaxError: [stdin]:13:23: unexpected )):
     6:     <%= csrf_meta_tags %>
     7: 
     8:     <%= stylesheet_link_tag    'application', media: 'all', 'data-turbolinks-track': 'reload' %>
     9:     <%= javascript_include_tag 'application', 'data-turbolinks-track': 'reload' %>
    10:   </head>
    11: 
    12:   <body>
  
(execjs):7539:8
(execjs):7545:14
app/views/layouts/application.html.erb:9:in `_app_views_layouts_application_html_erb___3300216796395821859_70196140365420'
Started GET "/" for 127.0.0.1 at 2017-10-22 01:10:11 +0300
Processing by PagesController#index as HTML
  Rendering pages/index.html.erb within layouts/application
  Rendered pages/index.html.erb within layouts/application (0.3ms)
Completed 200 OK in 214ms (Views: 212.9ms)


Started GET "/" for 127.0.0.1 at 2017-10-22 01:10:39 +0300
Processing by PagesController#index as HTML
  Rendering pages/index.html.erb within layouts/application
  Rendered pages/index.html.erb within layouts/application (0.4ms)
Completed 200 OK in 196ms (Views: 194.6ms)


Started GET "/" for 127.0.0.1 at 2017-10-22 01:11:19 +0300
Processing by PagesController#index as HTML
  Rendering pages/index.html.erb within layouts/application
  Rendered pages/index.html.erb within layouts/application (0.3ms)
Completed 200 OK in 270ms (Views: 268.9ms)


Started GET "/" for 127.0.0.1 at 2017-10-22 01:12:12 +0300
Processing by PagesController#index as HTML
  Rendering pages/index.html.erb within layouts/application
  Rendered pages/index.html.erb within layouts/application (0.4ms)
Completed 200 OK in 278ms (Views: 276.8ms)


Started GET "/" for 127.0.0.1 at 2017-10-22 01:15:51 +0300
Processing by PagesController#index as HTML
  Rendering pages/index.html.erb within layouts/application
  Rendered pages/index.html.erb within layouts/application (0.3ms)
Completed 200 OK in 253ms (Views: 252.4ms)


Started GET "/" for 127.0.0.1 at 2017-10-22 01:16:26 +0300
Processing by PagesController#index as HTML
  Rendering pages/index.html.erb within layouts/application
  Rendered pages/index.html.erb within layouts/application (0.3ms)
Completed 200 OK in 248ms (Views: 247.1ms)


Started GET "/" for 127.0.0.1 at 2017-10-22 01:17:02 +0300
Processing by PagesController#index as HTML
  Rendering pages/index.html.erb within layouts/application
  Rendered pages/index.html.erb within layouts/application (0.3ms)
Completed 200 OK in 198ms (Views: 197.5ms)


Started GET "/" for 127.0.0.1 at 2017-10-22 01:18:35 +0300
Processing by PagesController#index as HTML
  Rendering pages/index.html.erb within layouts/application
  Rendered pages/index.html.erb within layouts/application (0.3ms)
Completed 200 OK in 206ms (Views: 205.1ms)


Started GET "/" for 127.0.0.1 at 2017-10-22 01:19:25 +0300
Processing by PagesController#index as HTML
  Rendering pages/index.html.erb within layouts/application
  Rendered pages/index.html.erb within layouts/application (0.3ms)
Completed 200 OK in 235ms (Views: 234.0ms)


Started GET "/" for 127.0.0.1 at 2017-10-22 01:20:09 +0300
Processing by PagesController#index as HTML
  Rendering pages/index.html.erb within layouts/application
  Rendered pages/index.html.erb within layouts/application (0.3ms)
Completed 200 OK in 184ms (Views: 182.9ms)


Started GET "/" for 127.0.0.1 at 2017-10-22 01:22:27 +0300
Processing by PagesController#index as HTML
  Rendering pages/index.html.erb within layouts/application
  Rendered pages/index.html.erb within layouts/application (0.4ms)
Completed 200 OK in 196ms (Views: 195.5ms)


Started GET "/" for 127.0.0.1 at 2017-10-22 01:22:58 +0300
Processing by PagesController#index as HTML
  Rendering pages/index.html.erb within layouts/application
  Rendered pages/index.html.erb within layouts/application (0.4ms)
Completed 200 OK in 184ms (Views: 183.1ms)


Started GET "/" for 127.0.0.1 at 2017-10-22 01:23:29 +0300
Processing by PagesController#index as HTML
  Rendering pages/index.html.erb within layouts/application
  Rendered pages/index.html.erb within layouts/application (0.2ms)
Completed 200 OK in 198ms (Views: 197.6ms)


Started GET "/" for 127.0.0.1 at 2017-10-22 20:12:59 +0300
Processing by PagesController#index as HTML
  Rendering pages/index.html.erb within layouts/application
  Rendered pages/index.html.erb within layouts/application (47.8ms)
Started GET "/" for 127.0.0.1 at 2017-10-22 20:13:00 +0300
Processing by PagesController#index as HTML
  Rendering pages/index.html.erb within layouts/application
  Rendered pages/index.html.erb within layouts/application (0.2ms)
Completed 200 OK in 22084ms (Views: 21756.1ms)


Completed 200 OK in 20614ms (Views: 20613.3ms)


Started GET "/" for 127.0.0.1 at 2017-10-22 20:15:12 +0300
Processing by PagesController#index as HTML
  Rendering pages/index.html.erb within layouts/application
  Rendered pages/index.html.erb within layouts/application (0.8ms)
Completed 200 OK in 269ms (Views: 268.1ms)


Started GET "/" for 127.0.0.1 at 2017-10-22 20:16:29 +0300
Processing by PagesController#index as HTML
  Rendering pages/index.html.erb within layouts/application
  Rendered pages/index.html.erb within layouts/application (0.3ms)
Completed 200 OK in 216ms (Views: 214.9ms)


Started GET "/" for 127.0.0.1 at 2017-10-22 20:24:15 +0300
Processing by PagesController#index as HTML
  Rendering pages/index.html.erb within layouts/application
  Rendered pages/index.html.erb within layouts/application (0.4ms)
Completed 200 OK in 627ms (Views: 616.6ms)


Started GET "/" for 127.0.0.1 at 2017-10-22 21:53:37 +0300
Processing by PagesController#index as HTML
  Rendering pages/index.html.erb within layouts/application
  Rendered pages/index.html.erb within layouts/application (0.3ms)
Completed 200 OK in 665ms (Views: 663.7ms)


Started GET "/" for 127.0.0.1 at 2017-10-22 21:54:45 +0300
Processing by PagesController#index as HTML
  Rendering pages/index.html.erb within layouts/application
  Rendered pages/index.html.erb within layouts/application (0.4ms)
Completed 200 OK in 14ms (Views: 12.8ms)


Started GET "/" for 127.0.0.1 at 2017-10-22 21:59:59 +0300
Processing by PagesController#index as HTML
  Rendering pages/index.html.erb within layouts/application
  Rendered pages/index.html.erb within layouts/application (0.2ms)
Completed 200 OK in 33ms (Views: 32.0ms)


Started GET "/" for 127.0.0.1 at 2017-10-22 22:00:58 +0300
Processing by PagesController#index as HTML
Completed 406 Not Acceptable in 8ms


  
ActionController::UnknownFormat (PagesController#index is missing a template for this request format and variant.

request.formats: ["text/html"]
request.variant: []

NOTE! For XHR/Ajax or API requests, this action would normally respond with 204 No Content: an empty white screen. Since you're loading it in a web browser, we assume that you expected to actually render a template, not nothing, so we're showing an error to be extra-clear. If you expect 204 No Content, carry on. That's what you'll get from an XHR or API request. Give it a shot.):
  
actionpack (5.1.4) lib/action_controller/metal/implicit_render.rb:53:in `default_render'
actionpack (5.1.4) lib/action_controller/metal/basic_implicit_render.rb:4:in `block in send_action'
actionpack (5.1.4) lib/action_controller/metal/basic_implicit_render.rb:4:in `tap'
actionpack (5.1.4) lib/action_controller/metal/basic_implicit_render.rb:4:in `send_action'
actionpack (5.1.4) lib/abstract_controller/base.rb:186:in `process_action'
actionpack (5.1.4) lib/action_controller/metal/rendering.rb:30:in `process_action'
actionpack (5.1.4) lib/abstract_controller/callbacks.rb:20:in `block in process_action'
activesupport (5.1.4) lib/active_support/callbacks.rb:131:in `run_callbacks'
actionpack (5.1.4) lib/abstract_controller/callbacks.rb:19:in `process_action'
actionpack (5.1.4) lib/action_controller/metal/rescue.rb:20:in `process_action'
actionpack (5.1.4) lib/action_controller/metal/instrumentation.rb:32:in `block in process_action'
activesupport (5.1.4) lib/active_support/notifications.rb:166:in `block in instrument'
activesupport (5.1.4) lib/active_support/notifications/instrumenter.rb:21:in `instrument'
activesupport (5.1.4) lib/active_support/notifications.rb:166:in `instrument'
actionpack (5.1.4) lib/action_controller/metal/instrumentation.rb:30:in `process_action'
actionpack (5.1.4) lib/action_controller/metal/params_wrapper.rb:252:in `process_action'
activerecord (5.1.4) lib/active_record/railties/controller_runtime.rb:22:in `process_action'
actionpack (5.1.4) lib/abstract_controller/base.rb:124:in `process'
actionview (5.1.4) lib/action_view/rendering.rb:30:in `process'
actionpack (5.1.4) lib/action_controller/metal.rb:189:in `dispatch'
actionpack (5.1.4) lib/action_controller/metal.rb:253:in `dispatch'
actionpack (5.1.4) lib/action_dispatch/routing/route_set.rb:49:in `dispatch'
actionpack (5.1.4) lib/action_dispatch/routing/route_set.rb:31:in `serve'
actionpack (5.1.4) lib/action_dispatch/journey/router.rb:50:in `block in serve'
actionpack (5.1.4) lib/action_dispatch/journey/router.rb:33:in `each'
actionpack (5.1.4) lib/action_dispatch/journey/router.rb:33:in `serve'
actionpack (5.1.4) lib/action_dispatch/routing/route_set.rb:834:in `call'
rack (2.0.3) lib/rack/etag.rb:25:in `call'
rack (2.0.3) lib/rack/conditional_get.rb:25:in `call'
rack (2.0.3) lib/rack/head.rb:12:in `call'
rack (2.0.3) lib/rack/session/abstract/id.rb:232:in `context'
rack (2.0.3) lib/rack/session/abstract/id.rb:226:in `call'
actionpack (5.1.4) lib/action_dispatch/middleware/cookies.rb:613:in `call'
activerecord (5.1.4) lib/active_record/migration.rb:556:in `call'
actionpack (5.1.4) lib/action_dispatch/middleware/callbacks.rb:26:in `block in call'
activesupport (5.1.4) lib/active_support/callbacks.rb:97:in `run_callbacks'
actionpack (5.1.4) lib/action_dispatch/middleware/callbacks.rb:24:in `call'
actionpack (5.1.4) lib/action_dispatch/middleware/executor.rb:12:in `call'
actionpack (5.1.4) lib/action_dispatch/middleware/debug_exceptions.rb:59:in `call'
web-console (3.5.1) lib/web_console/middleware.rb:135:in `call_app'
web-console (3.5.1) lib/web_console/middleware.rb:28:in `block in call'
web-console (3.5.1) lib/web_console/middleware.rb:18:in `catch'
web-console (3.5.1) lib/web_console/middleware.rb:18:in `call'
actionpack (5.1.4) lib/action_dispatch/middleware/show_exceptions.rb:31:in `call'
railties (5.1.4) lib/rails/rack/logger.rb:36:in `call_app'
railties (5.1.4) lib/rails/rack/logger.rb:24:in `block in call'
activesupport (5.1.4) lib/active_support/tagged_logging.rb:69:in `block in tagged'
activesupport (5.1.4) lib/active_support/tagged_logging.rb:26:in `tagged'
activesupport (5.1.4) lib/active_support/tagged_logging.rb:69:in `tagged'
railties (5.1.4) lib/rails/rack/logger.rb:24:in `call'
sprockets-rails (3.2.1) lib/sprockets/rails/quiet_assets.rb:13:in `call'
actionpack (5.1.4) lib/action_dispatch/middleware/remote_ip.rb:79:in `call'
actionpack (5.1.4) lib/action_dispatch/middleware/request_id.rb:25:in `call'
rack (2.0.3) lib/rack/method_override.rb:22:in `call'
rack (2.0.3) lib/rack/runtime.rb:22:in `call'
activesupport (5.1.4) lib/active_support/cache/strategy/local_cache_middleware.rb:27:in `call'
actionpack (5.1.4) lib/action_dispatch/middleware/executor.rb:12:in `call'
actionpack (5.1.4) lib/action_dispatch/middleware/static.rb:125:in `call'
rack (2.0.3) lib/rack/sendfile.rb:111:in `call'
railties (5.1.4) lib/rails/engine.rb:522:in `call'
puma (3.10.0) lib/puma/configuration.rb:225:in `call'
puma (3.10.0) lib/puma/server.rb:605:in `handle_request'
puma (3.10.0) lib/puma/server.rb:437:in `process_client'
puma (3.10.0) lib/puma/server.rb:301:in `block in run'
puma (3.10.0) lib/puma/thread_pool.rb:120:in `block in spawn_thread'
Started GET "/" for 127.0.0.1 at 2017-10-22 22:02:26 +0300
Processing by PagesController#index as HTML
  Rendering pages/index.html.slim within layouts/application
  Rendered pages/index.html.slim within layouts/application (3.5ms)
Completed 500 Internal Server Error in 107ms


  
ActionView::Template::Error (Expected tag
  /home/yan/ruby/RailsDZ/app/views/pages/index.html.slim, Line 7, Column 8
    date: <input type="date" id="date"><br/>
          ^
):
    4:   <input type="button" value="a+b" id="Submit" name="submit"> <br/>
    5: </form><br/>
    6: <form action="" method="POST">
    7:   date: <input type="date" id="date"><br/>
    8:     <input type="button" value="день недели" id="Date" name="Date"> <br/>
    9:   </form><br/>
   10:   <form action="" method="POST">
  
app/views/pages/index.html.slim:7
Started GET "/" for 127.0.0.1 at 2017-10-22 22:03:33 +0300
Processing by PagesController#index as HTML
  Rendering pages/index.html.slim within layouts/application
  Rendered pages/index.html.slim within layouts/application (2.4ms)
Completed 500 Internal Server Error in 4ms


  
ActionView::Template::Error (Expected tag
  /home/yan/ruby/RailsDZ/app/views/pages/index.html.slim, Line 10, Column 10
    date: <input type="number" id="n"><br/>
          ^
):
     7:   input type="button" value="день недели" id="Date" name="Date" <br/>
     8:   </form><br/>
     9:   <form action="" method="POST">
    10:     date: <input type="number" id="n"><br/>
    11:       <input type="button" value="Решето Эратосфена" id="re" name="re"> <br/>
    12:     </form><br/>
  
app/views/pages/index.html.slim:10
Started GET "/" for 127.0.0.1 at 2017-10-22 22:04:10 +0300
Processing by PagesController#index as HTML
  Rendering pages/index.html.slim within layouts/application
  Rendered pages/index.html.slim within layouts/application (9.4ms)
Completed 200 OK in 555ms (Views: 553.9ms)


Started GET "/" for 127.0.0.1 at 2017-10-22 22:04:32 +0300
Processing by PagesController#index as HTML
  Rendering pages/index.html.slim within layouts/application
  Rendered pages/index.html.slim within layouts/application (1.9ms)
Completed 500 Internal Server Error in 4ms


  
ActionView::Template::Error (Expected tag
  /home/yan/ruby/RailsDZ/app/views/pages/index.html.slim, Line 2, Column 4
    A:
      ^
):
    1: form action="" method="POST"
    2:   A:
    3:   input type="number" id="a"<br/>
    4:   B:
    5:   input type="number" id="b"<br/>
  
app/views/pages/index.html.slim:2
Started GET "/" for 127.0.0.1 at 2017-10-22 22:04:55 +0300
Processing by PagesController#index as HTML
  Rendering pages/index.html.slim within layouts/application
  Rendered pages/index.html.slim within layouts/application (5.0ms)
Completed 200 OK in 23ms (Views: 22.5ms)


Started GET "/" for 127.0.0.1 at 2017-10-22 22:04:58 +0300
Processing by PagesController#index as HTML
  Rendering pages/index.html.slim within layouts/application
  Rendered pages/index.html.slim within layouts/application (4.2ms)
Completed 200 OK in 17ms (Views: 16.4ms)


Started GET "/" for 127.0.0.1 at 2017-10-22 22:05:06 +0300
Processing by PagesController#index as HTML
  Rendering pages/index.html.slim within layouts/application
  Rendered pages/index.html.slim within layouts/application (5.2ms)
Completed 200 OK in 18ms (Views: 17.6ms)


Started GET "/" for 127.0.0.1 at 2017-10-22 22:06:19 +0300
Processing by PagesController#index as HTML
  Rendering pages/index.html.slim within layouts/application
  Rendered pages/index.html.slim within layouts/application (4.8ms)
Completed 200 OK in 25ms (Views: 23.9ms)


Started GET "/" for 127.0.0.1 at 2017-10-22 22:08:58 +0300
Processing by PagesController#index as HTML
  Rendering pages/index.html.slim within layouts/application
  Rendered pages/index.html.slim within layouts/application (5.6ms)
Completed 200 OK in 19ms (Views: 18.5ms)


Started GET "/" for 127.0.0.1 at 2017-10-22 22:09:27 +0300
Processing by PagesController#index as HTML
  Rendering pages/index.html.slim within layouts/application
  Rendered pages/index.html.slim within layouts/application (6.5ms)
Completed 200 OK in 23ms (Views: 21.8ms)


Started GET "/" for 127.0.0.1 at 2017-10-22 22:09:56 +0300
Processing by PagesController#index as HTML
  Rendering pages/index.html.slim within layouts/application
  Rendered pages/index.html.slim within layouts/application (5.4ms)
Completed 200 OK in 22ms (Views: 21.3ms)


Started GET "/" for 127.0.0.1 at 2017-10-22 22:10:06 +0300
Processing by PagesController#index as HTML
  Rendering pages/index.html.slim within layouts/application
  Rendered pages/index.html.slim within layouts/application (3.9ms)
Completed 200 OK in 26ms (Views: 25.0ms)


Started GET "/" for 127.0.0.1 at 2017-10-22 22:10:22 +0300
Processing by PagesController#index as HTML
  Rendering pages/index.html.slim within layouts/application
  Rendered pages/index.html.slim within layouts/application (3.9ms)
Completed 200 OK in 18ms (Views: 17.2ms)


Started GET "/" for 127.0.0.1 at 2017-10-22 22:10:34 +0300
Processing by PagesController#index as HTML
  Rendering pages/index.html.slim within layouts/application
  Rendered pages/index.html.slim within layouts/application (3.8ms)
Completed 200 OK in 18ms (Views: 17.3ms)


Started GET "/" for 127.0.0.1 at 2017-10-22 22:10:50 +0300
Processing by PagesController#index as HTML
  Rendering pages/index.html.slim within layouts/application
  Rendered pages/index.html.slim within layouts/application (4.8ms)
Completed 200 OK in 20ms (Views: 18.8ms)


Started GET "/" for 127.0.0.1 at 2017-10-22 22:11:01 +0300
Processing by PagesController#index as HTML
  Rendering pages/index.html.slim within layouts/application
  Rendered pages/index.html.slim within layouts/application (4.7ms)
Completed 200 OK in 28ms (Views: 26.9ms)


Started GET "/" for 127.0.0.1 at 2017-10-22 22:11:12 +0300
Processing by PagesController#index as HTML
  Rendering pages/index.html.slim within layouts/application
  Rendered pages/index.html.slim within layouts/application (6.3ms)
Completed 200 OK in 20ms (Views: 19.5ms)


Started GET "/" for 127.0.0.1 at 2017-10-22 22:11:20 +0300
Processing by PagesController#index as HTML
  Rendering pages/index.html.slim within layouts/application
  Rendered pages/index.html.slim within layouts/application (5.1ms)
Completed 200 OK in 20ms (Views: 19.4ms)


Started GET "/" for 127.0.0.1 at 2017-10-22 22:11:58 +0300
Processing by PagesController#index as HTML
  Rendering pages/index.html.slim within layouts/application
  Rendered pages/index.html.slim within layouts/application (5.9ms)
Completed 200 OK in 24ms (Views: 22.9ms)


Started GET "/" for 127.0.0.1 at 2017-10-22 22:13:08 +0300
Processing by PagesController#index as HTML
  Rendering pages/index.html.slim within layouts/application
  Rendered pages/index.html.slim within layouts/application (5.0ms)
Completed 200 OK in 27ms (Views: 26.5ms)


Started GET "/" for 127.0.0.1 at 2017-10-22 22:15:09 +0300
Processing by PagesController#index as HTML
  Rendering pages/index.html.slim within layouts/application
  Rendered pages/index.html.slim within layouts/application (4.9ms)
Completed 200 OK in 143ms (Views: 142.2ms)


Started GET "/" for 127.0.0.1 at 2017-10-22 22:15:11 +0300
Processing by PagesController#index as HTML
  Rendering pages/index.html.slim within layouts/application
  Rendered pages/index.html.slim within layouts/application (5.6ms)
Completed 200 OK in 20ms (Views: 18.9ms)


Started GET "/" for 127.0.0.1 at 2017-10-22 22:15:27 +0300
Processing by PagesController#index as HTML
  Rendering pages/index.html.slim within layouts/application
  Rendered pages/index.html.slim within layouts/application (5.9ms)
Completed 200 OK in 35ms (Views: 34.3ms)


Started GET "/" for 127.0.0.1 at 2017-10-22 22:16:22 +0300
Processing by PagesController#index as HTML
  Rendering pages/index.html.slim within layouts/application
  Rendered pages/index.html.slim within layouts/application (3.8ms)
Completed 200 OK in 53ms (Views: 51.7ms)


Started GET "/" for 127.0.0.1 at 2017-10-22 22:17:51 +0300
Processing by PagesController#index as HTML
  Rendering pages/index.html.slim within layouts/application
  Rendered pages/index.html.slim within layouts/application (5.8ms)
Completed 500 Internal Server Error in 14ms


  
ActionView::Template::Error (Invalid CSS after "$color ": expected ":", was "= black;"):
     5: 
     6:     <%= csrf_meta_tags %>
     7: 
     8:     <%= stylesheet_link_tag    'application', media: 'all', 'data-turbolinks-track': 'reload' %>
     9:     <%= javascript_include_tag 'application', 'data-turbolinks-track': 'reload' %>
    10:   </head>
    11: 
  
app/assets/stylesheets/pages.scss:4
app/views/layouts/application.html.erb:8:in `_app_views_layouts_application_html_erb___1797637122731979657_69945334499480'
Started GET "/" for 127.0.0.1 at 2017-10-22 22:18:04 +0300
Processing by PagesController#index as HTML
  Rendering pages/index.html.slim within layouts/application
  Rendered pages/index.html.slim within layouts/application (6.3ms)
Completed 200 OK in 38ms (Views: 37.3ms)


Started GET "/" for 127.0.0.1 at 2017-10-22 22:18:54 +0300
Processing by PagesController#index as HTML
  Rendering pages/index.html.slim within layouts/application
  Rendered pages/index.html.slim within layouts/application (5.0ms)
Completed 200 OK in 31ms (Views: 30.4ms)


Started GET "/" for 127.0.0.1 at 2017-10-22 22:19:12 +0300
Processing by PagesController#index as HTML
  Rendering pages/index.html.slim within layouts/application
  Rendered pages/index.html.slim within layouts/application (5.2ms)
Completed 200 OK in 61ms (Views: 60.0ms)


Started GET "/" for 127.0.0.1 at 2017-10-22 22:19:24 +0300
Processing by PagesController#index as HTML
  Rendering pages/index.html.slim within layouts/application
  Rendered pages/index.html.slim within layouts/application (4.2ms)
Completed 200 OK in 25ms (Views: 24.2ms)


Started GET "/" for 127.0.0.1 at 2017-10-22 22:19:39 +0300
Processing by PagesController#index as HTML
  Rendering pages/index.html.slim within layouts/application
  Rendered pages/index.html.slim within layouts/application (4.9ms)
Completed 200 OK in 52ms (Views: 51.0ms)


Started GET "/" for 127.0.0.1 at 2017-10-22 22:20:10 +0300
Processing by PagesController#index as HTML
  Rendering pages/index.html.slim within layouts/application
  Rendered pages/index.html.slim within layouts/application (5.9ms)
Completed 200 OK in 27ms (Views: 26.1ms)


Started GET "/" for 127.0.0.1 at 2017-10-22 22:20:12 +0300
Processing by PagesController#index as HTML
  Rendering pages/index.html.slim within layouts/application
  Rendered pages/index.html.slim within layouts/application (4.1ms)
Completed 200 OK in 20ms (Views: 18.8ms)


Started GET "/" for 127.0.0.1 at 2017-10-22 22:20:18 +0300
Processing by PagesController#index as HTML
  Rendering pages/index.html.slim within layouts/application
  Rendered pages/index.html.slim within layouts/application (5.3ms)
Completed 200 OK in 42ms (Views: 40.9ms)


Started GET "/" for 127.0.0.1 at 2017-10-22 22:20:38 +0300
Processing by PagesController#index as HTML
  Rendering pages/index.html.slim within layouts/application
  Rendered pages/index.html.slim within layouts/application (5.9ms)
Completed 200 OK in 33ms (Views: 32.8ms)


Started GET "/" for 127.0.0.1 at 2017-10-22 22:20:39 +0300
Processing by PagesController#index as HTML
  Rendering pages/index.html.slim within layouts/application
  Rendered pages/index.html.slim within layouts/application (9.3ms)
Completed 200 OK in 39ms (Views: 38.4ms)


Started GET "/" for 127.0.0.1 at 2017-10-22 22:21:04 +0300
Processing by PagesController#index as HTML
  Rendering pages/index.html.slim within layouts/application
  Rendered pages/index.html.slim within layouts/application (11.0ms)
Completed 200 OK in 51ms (Views: 49.8ms)


Started GET "/" for 127.0.0.1 at 2017-10-22 22:21:05 +0300
Processing by PagesController#index as HTML
  Rendering pages/index.html.slim within layouts/application
  Rendered pages/index.html.slim within layouts/application (5.8ms)
Completed 200 OK in 23ms (Views: 22.0ms)


Started GET "/" for 127.0.0.1 at 2017-10-22 22:21:46 +0300
Processing by PagesController#index as HTML
  Rendering pages/index.html.slim within layouts/application
  Rendered pages/index.html.slim within layouts/application (5.8ms)
Completed 200 OK in 30ms (Views: 28.9ms)


Started GET "/" for 127.0.0.1 at 2017-10-22 22:21:57 +0300
Processing by PagesController#index as HTML
  Rendering pages/index.html.slim within layouts/application
  Rendered pages/index.html.slim within layouts/application (4.7ms)
Completed 200 OK in 32ms (Views: 31.6ms)


Started GET "/" for 127.0.0.1 at 2017-10-22 22:22:02 +0300
Processing by PagesController#index as HTML
  Rendering pages/index.html.slim within layouts/application
  Rendered pages/index.html.slim within layouts/application (4.6ms)
Completed 200 OK in 20ms (Views: 19.1ms)


Started GET "/" for 127.0.0.1 at 2017-10-22 22:23:20 +0300
Processing by PagesController#index as HTML
  Rendering pages/index.html.slim within layouts/application
  Rendered pages/index.html.slim within layouts/application (4.1ms)
Completed 200 OK in 20ms (Views: 19.5ms)


Started GET "/" for 127.0.0.1 at 2017-10-22 22:43:56 +0300
Processing by PagesController#index as HTML
  Rendering pages/index.html.slim within layouts/application
  Rendered pages/index.html.slim within layouts/application (7.7ms)
Completed 200 OK in 339ms (Views: 337.9ms)


Started GET "/" for 127.0.0.1 at 2017-10-22 22:45:47 +0300
Processing by PagesController#index as HTML
  Rendering pages/index.html.slim within layouts/application
  Rendered pages/index.html.slim within layouts/application (8.2ms)
Completed 200 OK in 242ms (Views: 241.2ms)


Started GET "/" for 127.0.0.1 at 2017-10-22 22:47:28 +0300
Processing by PagesController#index as HTML
  Rendering pages/index.html.slim within layouts/application
  Rendered pages/index.html.slim within layouts/application (5.2ms)
Completed 200 OK in 208ms (Views: 207.0ms)


Started GET "/" for 127.0.0.1 at 2017-10-22 22:47:42 +0300
Processing by PagesController#index as HTML
  Rendering pages/index.html.slim within layouts/application
  Rendered pages/index.html.slim within layouts/application (5.0ms)
Completed 200 OK in 19ms (Views: 18.4ms)


Started GET "/" for 127.0.0.1 at 2017-10-22 22:48:37 +0300
Processing by PagesController#index as HTML
  Rendering pages/index.html.slim within layouts/application
  Rendered pages/index.html.slim within layouts/application (5.0ms)
Completed 200 OK in 213ms (Views: 211.7ms)


Started GET "/" for 127.0.0.1 at 2017-10-22 22:49:01 +0300
Processing by PagesController#index as HTML
  Rendering pages/index.html.slim within layouts/application
  Rendered pages/index.html.slim within layouts/application (5.5ms)
Completed 200 OK in 20ms (Views: 19.1ms)


Started GET "/" for 127.0.0.1 at 2017-10-22 23:04:22 +0300
Processing by PagesController#index as HTML
  Rendering pages/index.html.slim within layouts/application
  Rendered pages/index.html.slim within layouts/application (17.0ms)
Completed 200 OK in 778ms (Views: 655.2ms)


